2019-07-12 07:21:54
 Input => 
 Output => {
  email: 'fewfo@dfsgds.ru',
}

2019-07-12 07:22:31
 Input => 
 Output => {
  email: 'fewfo@dfsgds.ru',
}

2019-07-12 07:25:30
 Input => 
 Output => {
  email: 'fewfo@dfsgds.ru',
}

2019-07-12 07:31:29
 Input => 
 Output => {
  email: 'fewfo@dfsgds.ru',
}

2019-07-12 07:33:25
 Input => 
 Output => {
  email: 'fewfo@dfsgds.ru',
}

2019-07-12 07:35:16
 Input => 
 Output => {
  email: 'fewfo@dfsgds.ru',
}

2019-07-12 07:39:54
 Input => 
 Output => {
  email: 'fewfo@dfsgds.ru',
}

2019-07-12 07:40:21
 Input => 
 Output => {
  email: 'fewfo@dfsgds.ru',
}

2019-07-12 07:43:02
 Input => 
 Output => {
  email: 'fewfo@dfsgds.ru',
}

2019-07-12 07:43:02
 Input => {"email":"serg_kotenok@mail.ru","password":"dewwerew"}
 Output => {
  email: 'fewfo@dfsgds.ru',
}

2019-07-12 08:42:54
 Input => 
 Output => {
  email: 'fewfo@dfsgds.ru',
}

2019-07-12 08:42:57
 Input => {"email":"serg_kotenok@mail.ru","password":"sdsdffsdf"}
 Output => {
  email: 'fewfo@dfsgds.ru',
}

2019-07-12 08:43:32
 Input => 
 Output => {
  email: 'fewfo@dfsgds.ru',
}

2019-07-12 08:43:35
 Input => {"email":"serg_kotenok@mail.ru","password":"efefregrg"}
 Output => {
  email: 'fewfo@dfsgds.ru',
}

2019-07-12 08:49:02
 Input => 
 Output => {
  email: 'fewfo@dfsgds.ru',
}

2019-07-12 08:49:05
 Input => {"email":"scdsc@dscdf","password":"dscdsc"}
 Output => {
  email: 'fewfo@dfsgds.ru',
}

2019-07-12 09:16:09
 Input => 
 Output => {
  email: 'fewfo@dfsgds.ru',
}

2019-07-12 09:16:12
 Input => {"email":"serg_kotenok@mail.ru","password":"rgtrgrtgr"}
 Output => {
  email: 'fewfo@dfsgds.ru',
}

2019-07-12 09:17:34
 Input => 
 Output => {
  email: 'fewfo@dfsgds.ru',
}

2019-07-12 09:17:37
 Input => {"email":"serg_kotenok@mail.ru","password":"edededfe"}
 Output => {
  email: 'fewfo@dfsgds.ru',
}

2019-07-12 10:32:09
 Input => 
 Output => {
  email: 'fewfo@dfsgds.ru',
}

2019-07-12 10:32:12
 Input => {"email":"serg_kotenok@mail.ru","password":"dsfefwefr"}
 Output => {
  email: 'fewfo@dfsgds.ru',
}

2019-07-13 01:39:28
 Input => 
 Output => {
  email: 'fewfo@dfsgds.ru',
}

2019-07-13 01:39:31
 Input => {"email":"serg_kotenok@mail.ru","password":"csdcdscsdc"}
 Output => {
  email: 'fewfo@dfsgds.ru',
}

2019-07-13 01:40:04
 Input => {"email":"serg_kotenok@mail.ru","password":"wssadada"}
 Output => {
  email: 'fewfo@dfsgds.ru',
}

